
> crewshoot-app@0.1.0 build
> next build

  Γû▓ Next.js 14.2.35

   Creating an optimized production build ...
 Γ£ô Compiled successfully
   Linting and checking validity of types ...
node.exe : 
At line:1 char:1
+ & "C:\Program 
Files\nodejs/node.exe" 
"C:\Program 
Files\nodejs/node_mo ...
+ ~~~~~~~~~~~~~~~~~~~~~~~~~~~
~~~~~~~~~~~~~~~~~~~~~~~~~~~~~
~~~~~~~~~~~~~
    + CategoryInfo           
   : NotSpecified: (:String  
  ) [], RemoteException
    + FullyQualifiedErrorId  
   : NativeCommandError
 
Failed to compile.

./src/components/Footer.jsx
21:51  Error: `'` can be 
escaped with `&apos;`, 
`&lsquo;`, `&#39;`, 
`&rsquo;`.  
react/no-unescaped-entities

./src/components/home/Booking
Form.jsx
118:18  Error: `'` can be 
escaped with `&apos;`, 
`&lsquo;`, `&#39;`, 
`&rsquo;`.  
react/no-unescaped-entities

./src/components/home/Hero.js
x
85:21  Error: `'` can be 
escaped with `&apos;`, 
`&lsquo;`, `&#39;`, 
`&rsquo;`.  
react/no-unescaped-entities

info  - Need to disable some 
ESLint rules? Learn more 
here: https://nextjs.org/docs
/basic-features/eslint#disabl
ing-rules
